                   lus     dotprod        Blas       block      matmul       eigen
       100  0.00453180  0.00110420  0.00013400  0.00433880  0.00038360  0.00101420
       200  0.03321100  0.00884760  0.00135660  0.03404561  0.00402580  0.00698620
       400  0.26513621  0.06919523  0.00975738  0.27185264  0.03175559  0.05492411
       500  0.51706707  0.13472041  0.01936464  0.53074056  0.06302395  0.10765991
      1000  4.17332745  1.11738968  0.15078202  4.24719906  0.59835356  0.89816129
      2000 33.38269043  8.85155010  1.17157590 34.00948334  4.87580585  7.74838877
 maximum tijden:
       100  0.00513200  0.00150800  0.00067000  0.00464800  0.00097600  0.00117500
       200  0.03330700  0.00906400  0.00152001  0.03418899  0.00413400  0.00710899
       400  0.26526201  0.06943297  0.01009703  0.27204919  0.03177905  0.05497885
       500  0.51742506  0.13512421  0.01979399  0.53085995  0.06307316  0.10767078
      1000  4.17574883  1.12215042  0.15136719  4.24755096  0.59857941  0.89834595
      2000 33.43142700  8.85971069  1.17178345 34.07113647  4.89584351  7.74859619
 minimum tijden:
       100  0.00407800  0.00098000  0.00000000  0.00424200  0.00000000  0.00090000
       200  0.03315401  0.00878501  0.00130099  0.03398201  0.00399798  0.00693601
       400  0.26507699  0.06908703  0.00963187  0.27176094  0.03174281  0.05487800
       500  0.51695728  0.13456964  0.01920700  0.53068924  0.06299114  0.10764980
      1000  4.17248154  1.11580658  0.15058517  4.24697876  0.59815216  0.89779663
      2000 33.36804199  8.83839417  1.17147827 33.99380493  4.85363770  7.74807739
